<?xml version="1.0" encoding="UTF-8"?>
<testsuite name="AnagramTest" tests="14" skipped="6" failures="0" errors="0" timestamp="2019-11-26T22:47:30" hostname="Dinas-MacBook-Pro-2.local" time="0.009">
  <properties/>
  <testcase name="testCaseInsensitiveWhenBothAnagramAndSubjectStartWithUpperCaseLetter" classname="AnagramTest" time="0.005"/>
  <testcase name="testEliminateAnagramSubsets" classname="AnagramTest" time="0.0">
    <skipped/>
  </testcase>
  <testcase name="testAnagramMustUseAllLettersExactlyOnce" classname="AnagramTest" time="0.0">
    <skipped/>
  </testcase>
  <testcase name="testIdenticalWordRepeatedIsNotAnagram" classname="AnagramTest" time="0.0">
    <skipped/>
  </testcase>
  <testcase name="testDetectsMultipleAnagramsWithDifferentCase" classname="AnagramTest" time="0.001"/>
  <testcase name="testWordsOtherThanThemselvesCanBeAnagrams" classname="AnagramTest" time="0.0"/>
  <testcase name="testDetectMultipleAnagramsForLongerWord" classname="AnagramTest" time="0.0"/>
  <testcase name="testDetectMultipleAnagrams" classname="AnagramTest" time="0.0"/>
  <testcase name="testWordsAreNotAnagramsOfThemselvesCaseInsensitive" classname="AnagramTest" time="0.0">
    <skipped/>
  </testcase>
  <testcase name="testCaseInsensitiveWhenSubjectStartsWithUpperCaseLetter" classname="AnagramTest" time="0.0"/>
  <testcase name="testCaseInsensitiveWhenAnagramStartsWithUpperCaseLetter" classname="AnagramTest" time="0.0"/>
  <testcase name="testDetectLongerAnagram" classname="AnagramTest" time="0.0"/>
  <testcase name="testNoMatches" classname="AnagramTest" time="0.0">
    <skipped/>
  </testcase>
  <testcase name="testEliminateAnagramsWithSameChecksum" classname="AnagramTest" time="0.0">
    <skipped/>
  </testcase>
  <system-out><![CDATA[]]></system-out>
  <system-err><![CDATA[]]></system-err>
</testsuite>
